----------------------------------------------------------------------------------------------------------------------------------------------------------------------------------------------------------------------------------------------------------
      name:  <unnamed>
       log:  D:\oCloud\Home-Cloud\Lehre\BIBB\StataProgBIBB\projekt/log/01_m1202_2_2021-12-12.log
  log type:  text
 opened on:  12 Dec 2021, 12:15:49
Start: 12 Dec 2021 um 12:15:49

. use "${orig}/BIBBBAuA_2018_suf1.0.dta", clear

. dis "Auszählung für `1'"
Auszählung für 2

. tab S1 if m1202 == `1'

 Geschlecht |      Freq.     Percent        Cum.
------------+-----------------------------------
   männlich |      4,371       47.02       47.02
   weiblich |      4,926       52.98      100.00
------------+-----------------------------------
      Total |      9,297      100.00

. 
. 
end of do-file
Ende: 12 Dec 2021 um 12:15:49
