----------------------------------------------------------------------------------------------------------------------------------------------------------------------------------------------------------------------------------------------------------
      name:  <unnamed>
       log:  D:\oCloud\Home-Cloud\Lehre\BIBB\StataProgBIBB\projekt/log/01_m1202_4_2021-12-12.log
  log type:  text
 opened on:  12 Dec 2021, 12:15:49
Start: 12 Dec 2021 um 12:15:49

. use "${orig}/BIBBBAuA_2018_suf1.0.dta", clear

. dis "Auszählung für `1'"
Auszählung für 4

. tab S1 if m1202 == `1'

 Geschlecht |      Freq.     Percent        Cum.
------------+-----------------------------------
   männlich |      4,015       51.12       51.12
   weiblich |      3,839       48.88      100.00
------------+-----------------------------------
      Total |      7,854      100.00

. 
. 
end of do-file
Ende: 12 Dec 2021 um 12:15:49
